빌드 시작: 2015-11-27 오후 12:18:09
     1>2 노드의 "C:\Users\Linux427\Desktop\lab12_1515655_임소희\lab12_1515655_임소희\lab12_1515655_임소희.vcxproj" 프로젝트(build 대상)입니다.
     1>InitializeBuildStatus:
         "AlwaysCreate"이(가) 지정되었기 때문에 "Debug\lab12_1515655_임소희.unsuccessfulbuild"을(를) 만들고 있습니다.
       ClCompile:
         C:\Program Files\Microsoft Visual Studio 10.0\VC\bin\CL.exe /c /ZI /nologo /W3 /WX- /Od /Oy- /D WIN32 /D _DEBUG /D _CONSOLE /D _UNICODE /D UNICODE /Gm /EHsc /RTC1 /MDd /GS /fp:precise /Zc:wchar_t /Zc:forScope /Fo"Debug\\" /Fd"Debug\vc100.pdb" /Gd /TC /analyze- /errorReport:prompt main.c
         main.c
     1>c:\users\linux427\desktop\lab12_1515655_임소희\lab12_1515655_임소희\main.c(50): warning C4090: '함수' : 'const' 한정자가 서로 다릅니다.
     1>c:\users\linux427\desktop\lab12_1515655_임소희\lab12_1515655_임소희\main.c(50): warning C4028: 정식 매개 변수 1이(가) 선언과 다릅니다.
     1>c:\users\linux427\desktop\lab12_1515655_임소희\lab12_1515655_임소희\main.c(50): warning C4090: '함수' : 'const' 한정자가 서로 다릅니다.
     1>c:\users\linux427\desktop\lab12_1515655_임소희\lab12_1515655_임소희\main.c(50): warning C4028: 정식 매개 변수 2이(가) 선언과 다릅니다.
     1>c:\users\linux427\desktop\lab12_1515655_임소희\lab12_1515655_임소희\main.c(54): warning C4090: '함수' : 'const' 한정자가 서로 다릅니다.
     1>c:\users\linux427\desktop\lab12_1515655_임소희\lab12_1515655_임소희\main.c(54): warning C4028: 정식 매개 변수 1이(가) 선언과 다릅니다.
     1>c:\users\linux427\desktop\lab12_1515655_임소희\lab12_1515655_임소희\main.c(54): warning C4090: '함수' : 'const' 한정자가 서로 다릅니다.
     1>c:\users\linux427\desktop\lab12_1515655_임소희\lab12_1515655_임소희\main.c(54): warning C4028: 정식 매개 변수 2이(가) 선언과 다릅니다.
     1>c:\users\linux427\desktop\lab12_1515655_임소희\lab12_1515655_임소희\main.c(85): warning C4996: 'strdup': The POSIX name for this item is deprecated. Instead, use the ISO C++ conformant name: _strdup. See online help for details.
                 c:\program files\microsoft visual studio 10.0\vc\include\string.h(238) : 'strdup' 선언을 참조하십시오.
       ManifestResourceCompile:
         모든 출력이 최신 상태입니다.
       Link:
         C:\Program Files\Microsoft Visual Studio 10.0\VC\bin\link.exe /ERRORREPORT:PROMPT /OUT:"C:\Users\Linux427\Desktop\lab12_1515655_임소희\Debug\lab12_1515655_임소희.exe" /INCREMENTAL /NOLOGO kernel32.lib user32.lib gdi32.lib winspool.lib comdlg32.lib advapi32.lib shell32.lib ole32.lib oleaut32.lib uuid.lib odbc32.lib odbccp32.lib /MANIFEST /ManifestFile:"Debug\lab12_1515655_임소희.exe.intermediate.manifest" /MANIFESTUAC:"level='asInvoker' uiAccess='false'" /DEBUG /PDB:"C:\Users\Linux427\Desktop\lab12_1515655_임소희\Debug\lab12_1515655_임소희.pdb" /SUBSYSTEM:CONSOLE /TLBID:1 /DYNAMICBASE /NXCOMPAT /IMPLIB:"C:\Users\Linux427\Desktop\lab12_1515655_임소희\Debug\lab12_1515655_임소희.lib" /MACHINE:X86 "Debug\lab12_1515655_임소희.exe.embed.manifest.res"
         Debug\main.obj
       Manifest:
         C:\Program Files\Microsoft SDKs\Windows\v7.0A\bin\mt.exe /nologo /verbose /out:"Debug\lab12_1515655_임소희.exe.embed.manifest" /manifest "Debug\lab12_1515655_임소희.exe.intermediate.manifest"
         모든 출력이 최신 상태입니다.
       LinkEmbedManifest:
         모든 출력이 최신 상태입니다.
         lab12_1515655_임소희.vcxproj -> C:\Users\Linux427\Desktop\lab12_1515655_임소희\Debug\lab12_1515655_임소희.exe
       FinalizeBuildStatus:
         "Debug\lab12_1515655_임소희.unsuccessfulbuild" 파일을 삭제하고 있습니다.
         "Debug\lab12_1515655_임소희.lastbuildstate"에 연결(touching)하고 있습니다.
     1>"C:\Users\Linux427\Desktop\lab12_1515655_임소희\lab12_1515655_임소희\lab12_1515655_임소희.vcxproj" 프로젝트를 빌드했습니다(build 대상).

빌드했습니다.

경과 시간: 00:00:00.25
